Determining if the pthread_create exist failed with the following output:
Change Dir: /home/jieli/code/mobile-deep-learning/build/release/x86/CMakeFiles/CMakeTmp

Run Build Command:/usr/bin/gmake "cmTryCompileExec1956676177/fast"
/usr/bin/gmake -f CMakeFiles/cmTryCompileExec1956676177.dir/build.make CMakeFiles/cmTryCompileExec1956676177.dir/build
gmake[1]: Entering directory `/home/jieli/code/mobile-deep-learning/build/release/x86/CMakeFiles/CMakeTmp'
/usr/bin/cmake -E cmake_progress_report /home/jieli/code/mobile-deep-learning/build/release/x86/CMakeFiles/CMakeTmp/CMakeFiles 1
Building C object CMakeFiles/cmTryCompileExec1956676177.dir/CheckSymbolExists.c.o
/usr/bin/cc    -o CMakeFiles/cmTryCompileExec1956676177.dir/CheckSymbolExists.c.o   -c /home/jieli/code/mobile-deep-learning/build/release/x86/CMakeFiles/CMakeTmp/CheckSymbolExists.c
Linking C executable cmTryCompileExec1956676177
/usr/bin/cmake -E cmake_link_script CMakeFiles/cmTryCompileExec1956676177.dir/link.txt --verbose=1
/usr/bin/cc       CMakeFiles/cmTryCompileExec1956676177.dir/CheckSymbolExists.c.o  -o cmTryCompileExec1956676177 -rdynamic 
CMakeFiles/cmTryCompileExec1956676177.dir/CheckSymbolExists.c.o: In function `main':
CheckSymbolExists.c:(.text+0x16): undefined reference to `pthread_create'
collect2: error: ld returned 1 exit status
gmake[1]: *** [cmTryCompileExec1956676177] Error 1
gmake[1]: Leaving directory `/home/jieli/code/mobile-deep-learning/build/release/x86/CMakeFiles/CMakeTmp'
gmake: *** [cmTryCompileExec1956676177/fast] Error 2

File /home/jieli/code/mobile-deep-learning/build/release/x86/CMakeFiles/CMakeTmp/CheckSymbolExists.c:
/* */
#include <pthread.h>

int main(int argc, char** argv)
{
  (void)argv;
#ifndef pthread_create
  return ((int*)(&pthread_create))[argc];
#else
  (void)argc;
  return 0;
#endif
}

Determining if the function pthread_create exists in the pthreads failed with the following output:
Change Dir: /home/jieli/code/mobile-deep-learning/build/release/x86/CMakeFiles/CMakeTmp

Run Build Command:/usr/bin/gmake "cmTryCompileExec3251960776/fast"
/usr/bin/gmake -f CMakeFiles/cmTryCompileExec3251960776.dir/build.make CMakeFiles/cmTryCompileExec3251960776.dir/build
gmake[1]: Entering directory `/home/jieli/code/mobile-deep-learning/build/release/x86/CMakeFiles/CMakeTmp'
/usr/bin/cmake -E cmake_progress_report /home/jieli/code/mobile-deep-learning/build/release/x86/CMakeFiles/CMakeTmp/CMakeFiles 1
Building C object CMakeFiles/cmTryCompileExec3251960776.dir/CheckFunctionExists.c.o
/usr/bin/cc   -DCHECK_FUNCTION_EXISTS=pthread_create   -o CMakeFiles/cmTryCompileExec3251960776.dir/CheckFunctionExists.c.o   -c /usr/share/cmake/Modules/CheckFunctionExists.c
Linking C executable cmTryCompileExec3251960776
/usr/bin/cmake -E cmake_link_script CMakeFiles/cmTryCompileExec3251960776.dir/link.txt --verbose=1
/usr/bin/cc   -DCHECK_FUNCTION_EXISTS=pthread_create    CMakeFiles/cmTryCompileExec3251960776.dir/CheckFunctionExists.c.o  -o cmTryCompileExec3251960776 -rdynamic -lpthreads 
/usr/bin/ld: cannot find -lpthreads
collect2: error: ld returned 1 exit status
gmake[1]: *** [cmTryCompileExec3251960776] Error 1
gmake[1]: Leaving directory `/home/jieli/code/mobile-deep-learning/build/release/x86/CMakeFiles/CMakeTmp'
gmake: *** [cmTryCompileExec3251960776/fast] Error 2


Determining if the pthread_create exist failed with the following output:
Change Dir: /home/jieli/code/mobile-deep-learning/Academic_Version/build/release/x86/CMakeFiles/CMakeTmp

Run Build Command:/usr/bin/gmake "cmTryCompileExec3713658230/fast"
/usr/bin/gmake -f CMakeFiles/cmTryCompileExec3713658230.dir/build.make CMakeFiles/cmTryCompileExec3713658230.dir/build
gmake[1]: Entering directory `/home/jieli/code/mobile-deep-learning/Academic_Version/build/release/x86/CMakeFiles/CMakeTmp'
/usr/bin/cmake -E cmake_progress_report /home/jieli/code/mobile-deep-learning/Academic_Version/build/release/x86/CMakeFiles/CMakeTmp/CMakeFiles 1
Building C object CMakeFiles/cmTryCompileExec3713658230.dir/CheckSymbolExists.c.o
/usr/bin/cc    -o CMakeFiles/cmTryCompileExec3713658230.dir/CheckSymbolExists.c.o   -c /home/jieli/code/mobile-deep-learning/Academic_Version/build/release/x86/CMakeFiles/CMakeTmp/CheckSymbolExists.c
Linking C executable cmTryCompileExec3713658230
/usr/bin/cmake -E cmake_link_script CMakeFiles/cmTryCompileExec3713658230.dir/link.txt --verbose=1
/usr/bin/cc       CMakeFiles/cmTryCompileExec3713658230.dir/CheckSymbolExists.c.o  -o cmTryCompileExec3713658230 -rdynamic 
CMakeFiles/cmTryCompileExec3713658230.dir/CheckSymbolExists.c.o: In function `main':
CheckSymbolExists.c:(.text+0x16): undefined reference to `pthread_create'
collect2: error: ld returned 1 exit status
gmake[1]: *** [cmTryCompileExec3713658230] Error 1
gmake[1]: Leaving directory `/home/jieli/code/mobile-deep-learning/Academic_Version/build/release/x86/CMakeFiles/CMakeTmp'
gmake: *** [cmTryCompileExec3713658230/fast] Error 2

File /home/jieli/code/mobile-deep-learning/Academic_Version/build/release/x86/CMakeFiles/CMakeTmp/CheckSymbolExists.c:
/* */
#include <pthread.h>

int main(int argc, char** argv)
{
  (void)argv;
#ifndef pthread_create
  return ((int*)(&pthread_create))[argc];
#else
  (void)argc;
  return 0;
#endif
}

Determining if the function pthread_create exists in the pthreads failed with the following output:
Change Dir: /home/jieli/code/mobile-deep-learning/Academic_Version/build/release/x86/CMakeFiles/CMakeTmp

Run Build Command:/usr/bin/gmake "cmTryCompileExec826227913/fast"
/usr/bin/gmake -f CMakeFiles/cmTryCompileExec826227913.dir/build.make CMakeFiles/cmTryCompileExec826227913.dir/build
gmake[1]: Entering directory `/home/jieli/code/mobile-deep-learning/Academic_Version/build/release/x86/CMakeFiles/CMakeTmp'
/usr/bin/cmake -E cmake_progress_report /home/jieli/code/mobile-deep-learning/Academic_Version/build/release/x86/CMakeFiles/CMakeTmp/CMakeFiles 1
Building C object CMakeFiles/cmTryCompileExec826227913.dir/CheckFunctionExists.c.o
/usr/bin/cc   -DCHECK_FUNCTION_EXISTS=pthread_create   -o CMakeFiles/cmTryCompileExec826227913.dir/CheckFunctionExists.c.o   -c /usr/share/cmake/Modules/CheckFunctionExists.c
Linking C executable cmTryCompileExec826227913
/usr/bin/cmake -E cmake_link_script CMakeFiles/cmTryCompileExec826227913.dir/link.txt --verbose=1
/usr/bin/cc   -DCHECK_FUNCTION_EXISTS=pthread_create    CMakeFiles/cmTryCompileExec826227913.dir/CheckFunctionExists.c.o  -o cmTryCompileExec826227913 -rdynamic -lpthreads 
/usr/bin/ld: cannot find -lpthreads
collect2: error: ld returned 1 exit status
gmake[1]: *** [cmTryCompileExec826227913] Error 1
gmake[1]: Leaving directory `/home/jieli/code/mobile-deep-learning/Academic_Version/build/release/x86/CMakeFiles/CMakeTmp'
gmake: *** [cmTryCompileExec826227913/fast] Error 2


Determining if the pthread_create exist failed with the following output:
Change Dir: /home/jieli/code/PowerNet/Academic_Version/build/release/x86/CMakeFiles/CMakeTmp

Run Build Command:/usr/bin/gmake "cmTryCompileExec473746095/fast"
/usr/bin/gmake -f CMakeFiles/cmTryCompileExec473746095.dir/build.make CMakeFiles/cmTryCompileExec473746095.dir/build
gmake[1]: Entering directory `/home/jieli/code/PowerNet/Academic_Version/build/release/x86/CMakeFiles/CMakeTmp'
/usr/bin/cmake -E cmake_progress_report /home/jieli/code/PowerNet/Academic_Version/build/release/x86/CMakeFiles/CMakeTmp/CMakeFiles 1
Building C object CMakeFiles/cmTryCompileExec473746095.dir/CheckSymbolExists.c.o
/usr/bin/cc    -o CMakeFiles/cmTryCompileExec473746095.dir/CheckSymbolExists.c.o   -c /home/jieli/code/PowerNet/Academic_Version/build/release/x86/CMakeFiles/CMakeTmp/CheckSymbolExists.c
Linking C executable cmTryCompileExec473746095
/usr/bin/cmake -E cmake_link_script CMakeFiles/cmTryCompileExec473746095.dir/link.txt --verbose=1
/usr/bin/cc       CMakeFiles/cmTryCompileExec473746095.dir/CheckSymbolExists.c.o  -o cmTryCompileExec473746095 -rdynamic 
CMakeFiles/cmTryCompileExec473746095.dir/CheckSymbolExists.c.o: In function `main':
CheckSymbolExists.c:(.text+0x16): undefined reference to `pthread_create'
collect2: error: ld returned 1 exit status
gmake[1]: *** [cmTryCompileExec473746095] Error 1
gmake[1]: Leaving directory `/home/jieli/code/PowerNet/Academic_Version/build/release/x86/CMakeFiles/CMakeTmp'
gmake: *** [cmTryCompileExec473746095/fast] Error 2

File /home/jieli/code/PowerNet/Academic_Version/build/release/x86/CMakeFiles/CMakeTmp/CheckSymbolExists.c:
/* */
#include <pthread.h>

int main(int argc, char** argv)
{
  (void)argv;
#ifndef pthread_create
  return ((int*)(&pthread_create))[argc];
#else
  (void)argc;
  return 0;
#endif
}

Determining if the function pthread_create exists in the pthreads failed with the following output:
Change Dir: /home/jieli/code/PowerNet/Academic_Version/build/release/x86/CMakeFiles/CMakeTmp

Run Build Command:/usr/bin/gmake "cmTryCompileExec3576514800/fast"
/usr/bin/gmake -f CMakeFiles/cmTryCompileExec3576514800.dir/build.make CMakeFiles/cmTryCompileExec3576514800.dir/build
gmake[1]: Entering directory `/home/jieli/code/PowerNet/Academic_Version/build/release/x86/CMakeFiles/CMakeTmp'
/usr/bin/cmake -E cmake_progress_report /home/jieli/code/PowerNet/Academic_Version/build/release/x86/CMakeFiles/CMakeTmp/CMakeFiles 1
Building C object CMakeFiles/cmTryCompileExec3576514800.dir/CheckFunctionExists.c.o
/usr/bin/cc   -DCHECK_FUNCTION_EXISTS=pthread_create   -o CMakeFiles/cmTryCompileExec3576514800.dir/CheckFunctionExists.c.o   -c /usr/share/cmake/Modules/CheckFunctionExists.c
Linking C executable cmTryCompileExec3576514800
/usr/bin/cmake -E cmake_link_script CMakeFiles/cmTryCompileExec3576514800.dir/link.txt --verbose=1
/usr/bin/cc   -DCHECK_FUNCTION_EXISTS=pthread_create    CMakeFiles/cmTryCompileExec3576514800.dir/CheckFunctionExists.c.o  -o cmTryCompileExec3576514800 -rdynamic -lpthreads 
/usr/bin/ld: cannot find -lpthreads
collect2: error: ld returned 1 exit status
gmake[1]: *** [cmTryCompileExec3576514800] Error 1
gmake[1]: Leaving directory `/home/jieli/code/PowerNet/Academic_Version/build/release/x86/CMakeFiles/CMakeTmp'
gmake: *** [cmTryCompileExec3576514800/fast] Error 2


